23/04/2013 15:34:22 - New match 11348965 has started
23/04/2013 15:36:04 - Roman killed Nick using M16
23/04/2013 15:36:08 - Roman killed <WORLD> using M16
23/04/2013 15:36:16 - Roman killed Aragorn by M16
23/04/2013 15:36:33 - <WORLD> killed Nick by DROWN
23/04/2013 15:36:36 - <WORLD> killed Roman by DROWN
23/04/2013 15:36:40 - Aragorn killed Nick by AK47
23/04/2013 15:36:45 - Hitman killed <WORLD> by P40
23/04/2013 15:37:02 - Hitman killed Aragorn by P40
23/04/2013 15:39:22 - Match 11348965 has ended
--
23/04/2013 15:40:22 - New match 1134896 has started
23/04/2013 15:46:04 - Nick killed Roman using AK47
23/04/2013 15:46:08 - Roman killed <WORLD> using M16
23/04/2013 15:46:16 - Roman killed Aragorn by M16
23/04/2013 15:46:33 - <WORLD> killed Nick by DROWN
23/04/2013 15:46:36 - <WORLD> killed Roman by DROWN
23/04/2013 15:49:22 - Match 11348966 has ended
--
23/04/2013 15:50:22 - New match 1134897 has started
23/04/2013 15:56:04 - Roman killed Nick using M16
23/04/2013 15:56:08 - Roman killed <WORLD> using M16
23/04/2013 15:56:16 - Roman killed Aragorn by M16
23/04/2013 15:56:33 - <WORLD> killed Nick by DROWN
23/04/2013 15:56:36 - <WORLD> killed Roman by DROWN
23/04/2013 15:59:22 - Match 11348967 has ended
--
23/04/2013 15:60:22 - New match 1134898 has started
23/04/2013 15:66:04 - Roman killed Nick using M16
23/04/2013 15:66:08 - Roman killed <WORLD> using M16
23/04/2013 15:66:16 - Roman killed Aragorn by M16
23/04/2013 15:66:33 - <WORLD> killed Nick by DROWN
23/04/2013 15:66:36 - <WORLD> killed Roman by DROWN
23/04/2013 15:69:22 - Match 11348968 has ended
--
23/04/2013 15:70:22 - New match 1134899 has started
23/04/2013 15:76:04 - Roman killed Nick using Glock G25
23/04/2013 15:76:08 - Roman killed <WORLD> using M16
23/04/2013 15:76:16 - Roman killed Aragorn by M16
23/04/2013 15:76:33 - <WORLD> killed Nick by DROWN
23/04/2013 15:76:36 - <WORLD> killed Roman by DROWN
23/04/2013 15:79:22 - Match 11348969 has ended